Determining if the pthread_create exist failed with the following output:
Change Dir: /home/jingzhe/WorkSpace/ROS/mp500lwa4d_robot_env/build/CMakeFiles/CMakeTmp

Run Build Command:"/usr/bin/make" "cmTC_89bd4/fast"
/usr/bin/make -f CMakeFiles/cmTC_89bd4.dir/build.make CMakeFiles/cmTC_89bd4.dir/build
make[1]: Entering directory '/home/jingzhe/WorkSpace/ROS/mp500lwa4d_robot_env/build/CMakeFiles/CMakeTmp'
Building C object CMakeFiles/cmTC_89bd4.dir/CheckSymbolExists.c.o
/usr/bin/cc     -o CMakeFiles/cmTC_89bd4.dir/CheckSymbolExists.c.o   -c /home/jingzhe/WorkSpace/ROS/mp500lwa4d_robot_env/build/CMakeFiles/CMakeTmp/CheckSymbolExists.c
Linking C executable cmTC_89bd4
/usr/bin/cmake -E cmake_link_script CMakeFiles/cmTC_89bd4.dir/link.txt --verbose=1
/usr/bin/cc       CMakeFiles/cmTC_89bd4.dir/CheckSymbolExists.c.o  -o cmTC_89bd4 -rdynamic 
CMakeFiles/cmTC_89bd4.dir/CheckSymbolExists.c.o: In function `main':
CheckSymbolExists.c:(.text+0x16): undefined reference to `pthread_create'
collect2: error: ld returned 1 exit status
CMakeFiles/cmTC_89bd4.dir/build.make:97: recipe for target 'cmTC_89bd4' failed
make[1]: *** [cmTC_89bd4] Error 1
make[1]: Leaving directory '/home/jingzhe/WorkSpace/ROS/mp500lwa4d_robot_env/build/CMakeFiles/CMakeTmp'
Makefile:126: recipe for target 'cmTC_89bd4/fast' failed
make: *** [cmTC_89bd4/fast] Error 2

File /home/jingzhe/WorkSpace/ROS/mp500lwa4d_robot_env/build/CMakeFiles/CMakeTmp/CheckSymbolExists.c:
/* */
#include <pthread.h>

int main(int argc, char** argv)
{
  (void)argv;
#ifndef pthread_create
  return ((int*)(&pthread_create))[argc];
#else
  (void)argc;
  return 0;
#endif
}

Determining if the function pthread_create exists in the pthreads failed with the following output:
Change Dir: /home/jingzhe/WorkSpace/ROS/mp500lwa4d_robot_env/build/CMakeFiles/CMakeTmp

Run Build Command:"/usr/bin/make" "cmTC_94889/fast"
/usr/bin/make -f CMakeFiles/cmTC_94889.dir/build.make CMakeFiles/cmTC_94889.dir/build
make[1]: Entering directory '/home/jingzhe/WorkSpace/ROS/mp500lwa4d_robot_env/build/CMakeFiles/CMakeTmp'
Building C object CMakeFiles/cmTC_94889.dir/CheckFunctionExists.c.o
/usr/bin/cc    -DCHECK_FUNCTION_EXISTS=pthread_create   -o CMakeFiles/cmTC_94889.dir/CheckFunctionExists.c.o   -c /usr/share/cmake-3.5/Modules/CheckFunctionExists.c
Linking C executable cmTC_94889
/usr/bin/cmake -E cmake_link_script CMakeFiles/cmTC_94889.dir/link.txt --verbose=1
/usr/bin/cc   -DCHECK_FUNCTION_EXISTS=pthread_create    CMakeFiles/cmTC_94889.dir/CheckFunctionExists.c.o  -o cmTC_94889 -rdynamic -lpthreads 
/usr/bin/ld: cannot find -lpthreads
collect2: error: ld returned 1 exit status
CMakeFiles/cmTC_94889.dir/build.make:97: recipe for target 'cmTC_94889' failed
make[1]: *** [cmTC_94889] Error 1
make[1]: Leaving directory '/home/jingzhe/WorkSpace/ROS/mp500lwa4d_robot_env/build/CMakeFiles/CMakeTmp'
Makefile:126: recipe for target 'cmTC_94889/fast' failed
make: *** [cmTC_94889/fast] Error 2


