Determining if the pthread_create exist failed with the following output:
Change Dir: /home/jingzhe/WorkSpace/ROS/mp500lwa4d_robot_env/build/cob_extern/opengm/EP_opengm-prefix/src/EP_opengm-build/CMakeFiles/CMakeTmp

Run Build Command:"/usr/bin/make" "cmTC_05f76/fast"
make[3]: Entering directory '/home/jingzhe/WorkSpace/ROS/mp500lwa4d_robot_env/build/cob_extern/opengm/EP_opengm-prefix/src/EP_opengm-build/CMakeFiles/CMakeTmp'
/usr/bin/make -f CMakeFiles/cmTC_05f76.dir/build.make CMakeFiles/cmTC_05f76.dir/build
make[4]: Entering directory '/home/jingzhe/WorkSpace/ROS/mp500lwa4d_robot_env/build/cob_extern/opengm/EP_opengm-prefix/src/EP_opengm-build/CMakeFiles/CMakeTmp'
Building C object CMakeFiles/cmTC_05f76.dir/CheckSymbolExists.c.o
/usr/bin/cc     -o CMakeFiles/cmTC_05f76.dir/CheckSymbolExists.c.o   -c /home/jingzhe/WorkSpace/ROS/mp500lwa4d_robot_env/build/cob_extern/opengm/EP_opengm-prefix/src/EP_opengm-build/CMakeFiles/CMakeTmp/CheckSymbolExists.c
Linking C executable cmTC_05f76
/usr/bin/cmake -E cmake_link_script CMakeFiles/cmTC_05f76.dir/link.txt --verbose=1
/usr/bin/cc       CMakeFiles/cmTC_05f76.dir/CheckSymbolExists.c.o  -o cmTC_05f76 -rdynamic 
CMakeFiles/cmTC_05f76.dir/CheckSymbolExists.c.o: In function `main':
CheckSymbolExists.c:(.text+0x16): undefined reference to `pthread_create'
collect2: error: ld returned 1 exit status
CMakeFiles/cmTC_05f76.dir/build.make:97: recipe for target 'cmTC_05f76' failed
make[4]: *** [cmTC_05f76] Error 1
make[4]: Leaving directory '/home/jingzhe/WorkSpace/ROS/mp500lwa4d_robot_env/build/cob_extern/opengm/EP_opengm-prefix/src/EP_opengm-build/CMakeFiles/CMakeTmp'
Makefile:126: recipe for target 'cmTC_05f76/fast' failed
make[3]: *** [cmTC_05f76/fast] Error 2
make[3]: Leaving directory '/home/jingzhe/WorkSpace/ROS/mp500lwa4d_robot_env/build/cob_extern/opengm/EP_opengm-prefix/src/EP_opengm-build/CMakeFiles/CMakeTmp'

File /home/jingzhe/WorkSpace/ROS/mp500lwa4d_robot_env/build/cob_extern/opengm/EP_opengm-prefix/src/EP_opengm-build/CMakeFiles/CMakeTmp/CheckSymbolExists.c:
/* */
#include <pthread.h>

int main(int argc, char** argv)
{
  (void)argv;
#ifndef pthread_create
  return ((int*)(&pthread_create))[argc];
#else
  (void)argc;
  return 0;
#endif
}

Determining if the function pthread_create exists in the pthreads failed with the following output:
Change Dir: /home/jingzhe/WorkSpace/ROS/mp500lwa4d_robot_env/build/cob_extern/opengm/EP_opengm-prefix/src/EP_opengm-build/CMakeFiles/CMakeTmp

Run Build Command:"/usr/bin/make" "cmTC_6b16c/fast"
make[3]: Entering directory '/home/jingzhe/WorkSpace/ROS/mp500lwa4d_robot_env/build/cob_extern/opengm/EP_opengm-prefix/src/EP_opengm-build/CMakeFiles/CMakeTmp'
/usr/bin/make -f CMakeFiles/cmTC_6b16c.dir/build.make CMakeFiles/cmTC_6b16c.dir/build
make[4]: Entering directory '/home/jingzhe/WorkSpace/ROS/mp500lwa4d_robot_env/build/cob_extern/opengm/EP_opengm-prefix/src/EP_opengm-build/CMakeFiles/CMakeTmp'
Building C object CMakeFiles/cmTC_6b16c.dir/CheckFunctionExists.c.o
/usr/bin/cc    -DCHECK_FUNCTION_EXISTS=pthread_create   -o CMakeFiles/cmTC_6b16c.dir/CheckFunctionExists.c.o   -c /usr/share/cmake-3.5/Modules/CheckFunctionExists.c
Linking C executable cmTC_6b16c
/usr/bin/cmake -E cmake_link_script CMakeFiles/cmTC_6b16c.dir/link.txt --verbose=1
/usr/bin/cc   -DCHECK_FUNCTION_EXISTS=pthread_create    CMakeFiles/cmTC_6b16c.dir/CheckFunctionExists.c.o  -o cmTC_6b16c -rdynamic -lpthreads 
/usr/bin/ld: cannot find -lpthreads
collect2: error: ld returned 1 exit status
CMakeFiles/cmTC_6b16c.dir/build.make:97: recipe for target 'cmTC_6b16c' failed
make[4]: *** [cmTC_6b16c] Error 1
make[4]: Leaving directory '/home/jingzhe/WorkSpace/ROS/mp500lwa4d_robot_env/build/cob_extern/opengm/EP_opengm-prefix/src/EP_opengm-build/CMakeFiles/CMakeTmp'
Makefile:126: recipe for target 'cmTC_6b16c/fast' failed
make[3]: *** [cmTC_6b16c/fast] Error 2
make[3]: Leaving directory '/home/jingzhe/WorkSpace/ROS/mp500lwa4d_robot_env/build/cob_extern/opengm/EP_opengm-prefix/src/EP_opengm-build/CMakeFiles/CMakeTmp'


